0 info it worked if it ends with ok
1 verbose cli [ '/Users/hmagrini/.nvm/versions/node/v6.9.0/bin/node',
1 verbose cli   '/Users/hmagrini/.nvm/versions/node/v6.9.0/bin/npm',
1 verbose cli   'run',
1 verbose cli   'bazel' ]
2 info using npm@3.10.8
3 info using node@v6.9.0
4 verbose run-script [ 'prebazel', 'bazel', 'postbazel' ]
5 info lifecycle demo_rules_sass_include_paths@1.0.0~prebazel: demo_rules_sass_include_paths@1.0.0
6 silly lifecycle demo_rules_sass_include_paths@1.0.0~prebazel: no script for prebazel, continuing
7 info lifecycle demo_rules_sass_include_paths@1.0.0~bazel: demo_rules_sass_include_paths@1.0.0
8 verbose lifecycle demo_rules_sass_include_paths@1.0.0~bazel: unsafe-perm in lifecycle true
9 verbose lifecycle demo_rules_sass_include_paths@1.0.0~bazel: PATH: /Users/hmagrini/.nvm/versions/node/v6.9.0/lib/node_modules/npm/bin/node-gyp-bin:/Users/hmagrini/development/hmagrini/demo_rules_sass_include_paths/node_modules/.bin:/Users/hmagrini/.rvm/gems/ruby-2.3.1/bin:/Users/hmagrini/.rvm/gems/ruby-2.3.1@global/bin:/Users/hmagrini/.rvm/rubies/ruby-2.3.1/bin:/Users/hmagrini/.nvm/versions/node/v6.9.0/bin:/usr/local/bin:/usr/bin:/bin:/usr/sbin:/sbin:/usr/local/MacGPG2/bin:/Users/hmagrini/Go/bin:/usr/local/opt/go/libexec/bin:/Users/hmagrini/.rvm/bin:/Users/hmagrini/.rvm/bin:/opt/local/bin:/usr/local/bin
10 verbose lifecycle demo_rules_sass_include_paths@1.0.0~bazel: CWD: /Users/hmagrini/development/hmagrini/demo_rules_sass_include_paths
11 silly lifecycle demo_rules_sass_include_paths@1.0.0~bazel: Args: [ '-c', 'bazel build //hello_world' ]
12 silly lifecycle demo_rules_sass_include_paths@1.0.0~bazel: Returned: code: 1  signal: null
13 info lifecycle demo_rules_sass_include_paths@1.0.0~bazel: Failed to exec bazel script
14 verbose stack Error: demo_rules_sass_include_paths@1.0.0 bazel: `bazel build //hello_world`
14 verbose stack Exit status 1
14 verbose stack     at EventEmitter.<anonymous> (/Users/hmagrini/.nvm/versions/node/v6.9.0/lib/node_modules/npm/lib/utils/lifecycle.js:255:16)
14 verbose stack     at emitTwo (events.js:106:13)
14 verbose stack     at EventEmitter.emit (events.js:191:7)
14 verbose stack     at ChildProcess.<anonymous> (/Users/hmagrini/.nvm/versions/node/v6.9.0/lib/node_modules/npm/lib/utils/spawn.js:40:14)
14 verbose stack     at emitTwo (events.js:106:13)
14 verbose stack     at ChildProcess.emit (events.js:191:7)
14 verbose stack     at maybeClose (internal/child_process.js:877:16)
14 verbose stack     at Process.ChildProcess._handle.onexit (internal/child_process.js:226:5)
15 verbose pkgid demo_rules_sass_include_paths@1.0.0
16 verbose cwd /Users/hmagrini/development/hmagrini/demo_rules_sass_include_paths
17 error Darwin 17.2.0
18 error argv "/Users/hmagrini/.nvm/versions/node/v6.9.0/bin/node" "/Users/hmagrini/.nvm/versions/node/v6.9.0/bin/npm" "run" "bazel"
19 error node v6.9.0
20 error npm  v3.10.8
21 error code ELIFECYCLE
22 error demo_rules_sass_include_paths@1.0.0 bazel: `bazel build //hello_world`
22 error Exit status 1
23 error Failed at the demo_rules_sass_include_paths@1.0.0 bazel script 'bazel build //hello_world'.
23 error Make sure you have the latest version of node.js and npm installed.
23 error If you do, this is most likely a problem with the demo_rules_sass_include_paths package,
23 error not with npm itself.
23 error Tell the author that this fails on your system:
23 error     bazel build //hello_world
23 error You can get information on how to open an issue for this project with:
23 error     npm bugs demo_rules_sass_include_paths
23 error Or if that isn't available, you can get their info via:
23 error     npm owner ls demo_rules_sass_include_paths
23 error There is likely additional logging output above.
24 verbose exit [ 1, true ]
